<html>
<head>
<title>TestNG:  Smoke</title>
<link href="../testng.css" rel="stylesheet" type="text/css" />
<link href="../my-testng.css" rel="stylesheet" type="text/css" />

<style type="text/css">
.log { display: none;} 
.stack-trace { display: none;} 
</style>
<script type="text/javascript">
<!--
function flip(e) {
  current = e.style.display;
  if (current == 'block') {
    e.style.display = 'none';
    return 0;
  }
  else {
    e.style.display = 'block';
    return 1;
  }
}

function toggleBox(szDivId, elem, msg1, msg2)
{
  var res = -1;  if (document.getElementById) {
    res = flip(document.getElementById(szDivId));
  }
  else if (document.all) {
    // this is the way old msie versions work
    res = flip(document.all[szDivId]);
  }
  if(elem) {
    if(res == 0) elem.innerHTML = msg1; else elem.innerHTML = msg2;
  }

}

function toggleAllBoxes() {
  if (document.getElementsByTagName) {
    d = document.getElementsByTagName('div');
    for (i = 0; i < d.length; i++) {
      if (d[i].className == 'log') {
        flip(d[i]);
      }
    }
  }
}

// -->
</script>

</head>
<body>
<h2 align='center'>Smoke</h2><table border='1' align="center">
<tr>
<td>Tests passed/Failed/Skipped:</td><td>14/1/0</td>
</tr><tr>
<td>Started on:</td><td>Tue Nov 22 19:03:24 IST 2022</td>
</tr>
<tr><td>Total time:</td><td>25 seconds (25288 ms)</td>
</tr><tr>
<td>Included groups:</td><td></td>
</tr><tr>
<td>Excluded groups:</td><td></td>
</tr>
</table><p/>
<small><i>(Hover the method name to see the test class name)</i></small><p/>
<table width='100%' border='1' class='invocation-failed'>
<tr><td colspan='4' align='center'><b>FAILED TESTS</b></td></tr>
<tr><td><b>Test method</b></td>
<td width="30%"><b>Exception</b></td>
<td width="10%"><b>Time (seconds)</b></td>
<td><b>Instance</b></td>
</tr>
<tr>
<td title='reportgeneration.AlertDemo.alertAccept()'><b>alertAccept</b><br>Test class: reportgeneration.AlertDemo</td>
<td><div><pre>java.lang.IllegalStateException: The path to the driver executable The path to the driver executable must be set by the webdriver.chrome.driver system property; for more information, see https://chromedriver.chromium.org/. The latest version can be downloaded from https://chromedriver.chromium.org/downloads
	at org.openqa.selenium.internal.Require$StateChecker.nonNull(Require.java:314)
	at org.openqa.selenium.remote.service.DriverService.findExecutable(DriverService.java:148)
	at org.openqa.selenium.chrome.ChromeDriverService.access$000(ChromeDriverService.java:39)
	at org.openqa.selenium.chrome.ChromeDriverService$Builder.findDefaultExecutable(ChromeDriverService.java:233)
	at org.openqa.selenium.remote.service.DriverService$Builder.build(DriverService.java:450)
	at org.openqa.selenium.chrome.ChromeDriverService.createDefaultService(ChromeDriverService.java:128)
	at org.openqa.selenium.chrome.ChromeDriver.&lt;init&gt;(ChromeDriver.java:49)
	at reportgeneration.AlertDemo.alertAccept(AlertDemo.java:30)
	at java.base/java.util.concurrent.ThreadPoolExecutor.runWorker(ThreadPoolExecutor.java:1136)
	at java.base/java.util.concurrent.ThreadPoolExecutor$Worker.run(ThreadPoolExecutor.java:635)
	at java.base/java.lang.Thread.run(Thread.java:833)
... Removed 12 stack frames</pre></div><a href='#' onClick='toggleBox("stack-trace758384125", this, "Click to show all stack frames", "Click to hide stack frames")'>Click to show all stack frames</a>
<div class='stack-trace' id='stack-trace758384125'><pre>java.lang.IllegalStateException: The path to the driver executable The path to the driver executable must be set by the webdriver.chrome.driver system property; for more information, see https://chromedriver.chromium.org/. The latest version can be downloaded from https://chromedriver.chromium.org/downloads
	at org.openqa.selenium.internal.Require$StateChecker.nonNull(Require.java:314)
	at org.openqa.selenium.remote.service.DriverService.findExecutable(DriverService.java:148)
	at org.openqa.selenium.chrome.ChromeDriverService.access$000(ChromeDriverService.java:39)
	at org.openqa.selenium.chrome.ChromeDriverService$Builder.findDefaultExecutable(ChromeDriverService.java:233)
	at org.openqa.selenium.remote.service.DriverService$Builder.build(DriverService.java:450)
	at org.openqa.selenium.chrome.ChromeDriverService.createDefaultService(ChromeDriverService.java:128)
	at org.openqa.selenium.chrome.ChromeDriver.&lt;init&gt;(ChromeDriver.java:49)
	at reportgeneration.AlertDemo.alertAccept(AlertDemo.java:30)
	at java.base/jdk.internal.reflect.NativeMethodAccessorImpl.invoke0(Native Method)
	at java.base/jdk.internal.reflect.NativeMethodAccessorImpl.invoke(NativeMethodAccessorImpl.java:77)
	at java.base/jdk.internal.reflect.DelegatingMethodAccessorImpl.invoke(DelegatingMethodAccessorImpl.java:43)
	at java.base/java.lang.reflect.Method.invoke(Method.java:568)
	at org.testng.internal.MethodInvocationHelper.invokeMethod(MethodInvocationHelper.java:133)
	at org.testng.internal.TestInvoker.invokeMethod(TestInvoker.java:598)
	at org.testng.internal.TestInvoker.invokeTestMethod(TestInvoker.java:173)
	at org.testng.internal.MethodRunner.runInSequence(MethodRunner.java:46)
	at org.testng.internal.TestInvoker$MethodInvocationAgent.invoke(TestInvoker.java:824)
	at org.testng.internal.TestInvoker.invokeTestMethods(TestInvoker.java:146)
	at org.testng.internal.TestMethodWorker.invokeTestMethods(TestMethodWorker.java:146)
	at org.testng.internal.TestMethodWorker.run(TestMethodWorker.java:128)
	at java.base/java.util.concurrent.ThreadPoolExecutor.runWorker(ThreadPoolExecutor.java:1136)
	at java.base/java.util.concurrent.ThreadPoolExecutor$Worker.run(ThreadPoolExecutor.java:635)
	at java.base/java.lang.Thread.run(Thread.java:833)
</pre></div></td>
<td>0</td>
<td>reportgeneration.AlertDemo@2f217633</td></tr>
</table><p>
<table width='100%' border='1' class='invocation-passed'>
<tr><td colspan='4' align='center'><b>PASSED TESTS</b></td></tr>
<tr><td><b>Test method</b></td>
<td width="30%"><b>Exception</b></td>
<td width="10%"><b>Time (seconds)</b></td>
<td><b>Instance</b></td>
</tr>
<tr>
<td title='reportgeneration.LoginTest.invalidUsernameandPassword()'><b>invalidUsernameandPassword</b><br>Test class: reportgeneration.LoginTest</td>
<td></td>
<td>0</td>
<td>reportgeneration.LoginTest@66d3eec0</td></tr>
<tr>
<td title='reportgeneration.AssertionDemo.logOutFromApplication()'><b>logOutFromApplication</b><br>Test class: reportgeneration.AssertionDemo</td>
<td></td>
<td>0</td>
<td>reportgeneration.AssertionDemo@1da2cb77</td></tr>
<tr>
<td title='reportgeneration.MyFirstTestNGTest.deleteAccount()'><b>deleteAccount</b><br>Test class: reportgeneration.MyFirstTestNGTest</td>
<td></td>
<td>0</td>
<td>reportgeneration.MyFirstTestNGTest@5acf93bb</td></tr>
<tr>
<td title='reportgeneration.LoginTest.noUsernameandPassword()'><b>noUsernameandPassword</b><br>Test class: reportgeneration.LoginTest</td>
<td></td>
<td>0</td>
<td>reportgeneration.LoginTest@66d3eec0</td></tr>
<tr>
<td title='reportgeneration.MyFirstTestNGTest.createAccount()'><b>createAccount</b><br>Test class: reportgeneration.MyFirstTestNGTest</td>
<td></td>
<td>0</td>
<td>reportgeneration.MyFirstTestNGTest@5acf93bb</td></tr>
<tr>
<td title='reportgeneration.LoginTest.validUsernameandPassword()'><b>validUsernameandPassword</b><br>Test class: reportgeneration.LoginTest</td>
<td></td>
<td>3</td>
<td>reportgeneration.LoginTest@66d3eec0</td></tr>
<tr>
<td title='reportgeneration.LoginTest.blankUsernameandPassword()'><b>blankUsernameandPassword</b><br>Test class: reportgeneration.LoginTest</td>
<td></td>
<td>0</td>
<td>reportgeneration.LoginTest@66d3eec0</td></tr>
<tr>
<td title='reportgeneration.MyFirstTestNGTest.login()'><b>login</b><br>Test class: reportgeneration.MyFirstTestNGTest</td>
<td></td>
<td>0</td>
<td>reportgeneration.MyFirstTestNGTest@5acf93bb</td></tr>
<tr>
<td title='reportgeneration.MyFirstTestNGTest.logOutFromApplication()'><b>logOutFromApplication</b><br>Test class: reportgeneration.MyFirstTestNGTest</td>
<td></td>
<td>0</td>
<td>reportgeneration.MyFirstTestNGTest@5acf93bb</td></tr>
<tr>
<td title='reportgeneration.CalendarDateWithoutLoop.datePicker()'><b>datePicker</b><br>Test class: reportgeneration.CalendarDateWithoutLoop</td>
<td></td>
<td>10</td>
<td>reportgeneration.CalendarDateWithoutLoop@3d6f0054</td></tr>
<tr>
<td title='reportgeneration.AssertionDemo.login()'><b>login</b><br>Test class: reportgeneration.AssertionDemo<br/>
<a href="#Output-971132762" onClick='toggleBox("Output-971132762", this, "Show output", "Hide output");'>Show output</a>

<a href="#Output-971132762" onClick="toggleAllBoxes();">Show all outputs</a>
<div class='log' id="Output-971132762">
Login Done<br/>
</div>
</td>
<td></td>
<td>0</td>
<td>reportgeneration.AssertionDemo@1da2cb77</td></tr>
<tr>
<td title='reportgeneration.LoginTest.noPassword()'><b>noPassword</b><br>Test class: reportgeneration.LoginTest</td>
<td></td>
<td>0</td>
<td>reportgeneration.LoginTest@66d3eec0</td></tr>
<tr>
<td title='reportgeneration.MyFirstSeleniumScript.mainrr()'><b>mainrr</b><br>Test class: reportgeneration.MyFirstSeleniumScript</td>
<td></td>
<td>5</td>
<td>reportgeneration.MyFirstSeleniumScript@7e7be63f</td></tr>
<tr>
<td title='reportgeneration.MyFirstSeleniumScript2.maintttt()'><b>maintttt</b><br>Test class: reportgeneration.MyFirstSeleniumScript2</td>
<td></td>
<td>4</td>
<td>reportgeneration.MyFirstSeleniumScript2@48f278eb</td></tr>
</table><p>
</body>
</html>