<?xml version="1.0" encoding="UTF-8"?>
<!-- Generated by org.testng.reporters.JUnitXMLReporter -->
<testsuite ignored="0" hostname="WKWZT3arfufb8jX" failures="1" tests="15" name="Smoke" time="25.288" errors="0" timestamp="2022-11-22T19:03:49 IST">
  <testcase classname="reportgeneration.MyFirstTestNGTest" name="createAccount" time="0.009"/>
  <testcase classname="reportgeneration.AssertionDemo" name="login" time="0.011"/>
  <testcase classname="reportgeneration.MyFirstTestNGTest" name="deleteAccount" time="0.001"/>
  <testcase classname="reportgeneration.MyFirstTestNGTest" name="logOutFromApplication" time="0.0"/>
  <testcase classname="reportgeneration.AssertionDemo" name="logOutFromApplication" time="0.001"/>
  <testcase classname="reportgeneration.MyFirstTestNGTest" name="login" time="0.002"/>
  <testcase classname="reportgeneration.AlertDemo" name="alertAccept" time="0.196">
    <failure type="java.lang.IllegalStateException" message="The path to the driver executable The path to the driver executable must be set by the webdriver.chrome.driver system property; for more information, see https://chromedriver.chromium.org/. The latest version can be downloaded from https://chromedriver.chromium.org/downloads">
      <![CDATA[java.lang.IllegalStateException: The path to the driver executable The path to the driver executable must be set by the webdriver.chrome.driver system property; for more information, see https://chromedriver.chromium.org/. The latest version can be downloaded from https://chromedriver.chromium.org/downloads
at org.openqa.selenium.internal.Require$StateChecker.nonNull(Require.java:314)
at org.openqa.selenium.remote.service.DriverService.findExecutable(DriverService.java:148)
at org.openqa.selenium.chrome.ChromeDriverService.access$000(ChromeDriverService.java:39)
at org.openqa.selenium.chrome.ChromeDriverService$Builder.findDefaultExecutable(ChromeDriverService.java:233)
at org.openqa.selenium.remote.service.DriverService$Builder.build(DriverService.java:450)
at org.openqa.selenium.chrome.ChromeDriverService.createDefaultService(ChromeDriverService.java:128)
at org.openqa.selenium.chrome.ChromeDriver.<init>(ChromeDriver.java:49)
at reportgeneration.AlertDemo.alertAccept(AlertDemo.java:30)
at java.base/java.util.concurrent.ThreadPoolExecutor.runWorker(ThreadPoolExecutor.java:1136)
at java.base/java.util.concurrent.ThreadPoolExecutor$Worker.run(ThreadPoolExecutor.java:635)
at java.base/java.lang.Thread.run(Thread.java:833)
... Removed 12 stack frames]]>
    </failure>
  </testcase> <!-- alertAccept -->
  <testcase classname="reportgeneration.MyFirstSeleniumScript2" name="maintttt" time="4.668"/>
  <testcase classname="reportgeneration.MyFirstSeleniumScript" name="mainrr" time="5.492"/>
  <testcase classname="reportgeneration.LoginTest" name="validUsernameandPassword" time="3.086"/>
  <testcase classname="reportgeneration.CalendarDateWithoutLoop" name="datePicker" time="10.423"/>
  <testcase classname="reportgeneration.LoginTest" name="invalidUsernameandPassword" time="0.734"/>
  <testcase classname="reportgeneration.LoginTest" name="blankUsernameandPassword" time="0.174"/>
  <testcase classname="reportgeneration.LoginTest" name="noUsernameandPassword" time="0.056"/>
  <testcase classname="reportgeneration.LoginTest" name="noPassword" time="0.114"/>
</testsuite> <!-- Smoke -->
